Using pre-set license
Built from '2020.3/staging' branch; Version is '2020.3.11f1 (99c7afb366b3) revision 10078127'; Using compiler version '192528614'; Build Type 'Release'
OS: 'Windows 10 Pro; OS build 19044.1645; Version 2009; 64bit' Language: 'en' Physical Memory: 16329 MB
BatchMode: 1, IsHumanControllingUs: 0, StartBugReporterOnCrash: 0, Is64bit: 1, IsPro: 0

 COMMAND LINE ARGUMENTS:
C:\Program Files\Unity\Hub\Editor\2020.3.11f1\Editor\Unity.exe
-adb2
-batchMode
-noUpm
-name
AssetImportWorker0
-projectPath
C:/Users/grisl/Chess2D
-logFile
Logs/AssetImportWorker0.log
-srvPort
56160
Successfully changed project path to: C:/Users/grisl/Chess2D
C:/Users/grisl/Chess2D
Using Asset Import Pipeline V2.
Refreshing native plugins compatible for Editor in 40.12 ms, found 3 plugins.
Preloading 0 native plugins for Editor in 0.00 ms.
Initialize engine version: 2020.3.11f1 (99c7afb366b3)
[Subsystems] Discovering subsystems at path C:/Program Files/Unity/Hub/Editor/2020.3.11f1/Editor/Data/Resources/UnitySubsystems
[Subsystems] Discovering subsystems at path C:/Users/grisl/Chess2D/Assets
GfxDevice: creating device client; threaded=0
Direct3D:
    Version:  Direct3D 11.0 [level 11.1]
    Renderer: Radeon RX 570 Series (ID=0x67df)
    Vendor:   
    VRAM:     8171 MB
    Driver:   30.0.13025.5005
Initialize mono
Mono path[0] = 'C:/Program Files/Unity/Hub/Editor/2020.3.11f1/Editor/Data/Managed'
Mono path[1] = 'C:/Program Files/Unity/Hub/Editor/2020.3.11f1/Editor/Data/MonoBleedingEdge/lib/mono/unityjit'
Mono config path = 'C:/Program Files/Unity/Hub/Editor/2020.3.11f1/Editor/Data/MonoBleedingEdge/etc'
Using monoOptions --debugger-agent=transport=dt_socket,embedding=1,server=y,suspend=n,address=127.0.0.1:56008
Begin MonoManager ReloadAssembly
Registering precompiled unity dll's ...
Register platform support module: C:/Program Files/Unity/Hub/Editor/2020.3.11f1/Editor/Data/PlaybackEngines/WebGLSupport/UnityEditor.WebGL.Extensions.dll
Register platform support module: C:/Program Files/Unity/Hub/Editor/2020.3.11f1/Editor/Data/PlaybackEngines/WindowsStandaloneSupport/UnityEditor.WindowsStandalone.Extensions.dll
Registered in 0.002555 seconds.
Native extension for WindowsStandalone target not found
Native extension for WebGL target not found
Refreshing native plugins compatible for Editor in 38.89 ms, found 3 plugins.
Preloading 0 native plugins for Editor in 0.00 ms.
Mono: successfully reloaded assembly
- Completed reload, in  1.127 seconds
Platform modules already initialized, skipping
Registering precompiled user dll's ...
Registered in 0.004333 seconds.
Begin MonoManager ReloadAssembly
Native extension for WindowsStandalone target not found
Native extension for WebGL target not found
Refreshing native plugins compatible for Editor in 34.53 ms, found 3 plugins.
Preloading 0 native plugins for Editor in 0.00 ms.
Mono: successfully reloaded assembly
- Completed reload, in  1.077 seconds
Platform modules already initialized, skipping
========================================================================
Worker process is ready to serve import requests
Launched and connected shader compiler UnityShaderCompiler.exe after 0.04 seconds
Refreshing native plugins compatible for Editor in 0.40 ms, found 3 plugins.
Preloading 0 native plugins for Editor in 0.00 ms.
Unloading 2080 Unused Serialized files (Serialized files now loaded: 0)
System memory in use before: 92.9 MB.
System memory in use after: 92.8 MB.

Unloading 33 unused Assets to reduce memory usage. Loaded Objects now: 2513.
Total: 2.188900 ms (FindLiveObjects: 0.209100 ms CreateObjectMapping: 0.102200 ms MarkObjects: 1.753600 ms  DeleteObjects: 0.122100 ms)

========================================================================
Received Import Request.
  path: Assets/Scenes/SampleScene.unity
  artifactKey: Guid(2cda990e2423bbf4892e6590ba056729) Importer(815301076,1909f56bfc062723c751e8b465ee728b)
Start importing Assets/Scenes/SampleScene.unity using Guid(2cda990e2423bbf4892e6590ba056729) Importer(815301076,1909f56bfc062723c751e8b465ee728b)  -> (artifact id: 'aa27944bdea339c97c39027c7eea529c') in 0.018718 seconds
  Import took 0.021729 seconds .

========================================================================
Received Import Request.
  Time since last request: 20.358559 seconds.
  path: Assets/Scenes/MainGame.unity
  artifactKey: Guid(2cda990e2423bbf4892e6590ba056729) Importer(815301076,1909f56bfc062723c751e8b465ee728b)
Start importing Assets/Scenes/MainGame.unity using Guid(2cda990e2423bbf4892e6590ba056729) Importer(815301076,1909f56bfc062723c751e8b465ee728b)  -> (artifact id: 'f5adc742d2b68e7fdc53286d4e93f516') in 0.010825 seconds
  Import took 0.015010 seconds .

========================================================================
Received Import Request.
  Time since last request: 141.018352 seconds.
  path: Assets/Scripts
  artifactKey: Guid(265e60a9ff5d8084d8406a3f56483777) Importer(815301076,1909f56bfc062723c751e8b465ee728b)
Start importing Assets/Scripts using Guid(265e60a9ff5d8084d8406a3f56483777) Importer(815301076,1909f56bfc062723c751e8b465ee728b)  -> (artifact id: '7243ed0f4b26034e54d2ab5a5c737837') in 0.009239 seconds
  Import took 0.012932 seconds .

========================================================================
Received Import Request.
  Time since last request: 13.594393 seconds.
  path: Assets/Images
  artifactKey: Guid(30a2ea94f441c1b41a25c12930777d8d) Importer(815301076,1909f56bfc062723c751e8b465ee728b)
Start importing Assets/Images using Guid(30a2ea94f441c1b41a25c12930777d8d) Importer(815301076,1909f56bfc062723c751e8b465ee728b)  -> (artifact id: '008804cfd284b44f78a571ac98ab07a6') in 0.008857 seconds
  Import took 0.011881 seconds .

========================================================================
Received Import Request.
  Time since last request: 4.519915 seconds.
  path: Assets/Images/board.png
  artifactKey: Guid(013e30b4eff6e374db0aa3c0f8c123ce) Importer(815301076,1909f56bfc062723c751e8b465ee728b)
Start importing Assets/Images/board.png using Guid(013e30b4eff6e374db0aa3c0f8c123ce) Importer(815301076,1909f56bfc062723c751e8b465ee728b)  -> (artifact id: '3cf486cebf3c8625c0be3f59cbdf2381') in 0.140129 seconds
  Import took 0.143796 seconds .

========================================================================
Received Import Request.
  Time since last request: 333.608990 seconds.
  path: Assets/Scripts/FieldEvents.cs
  artifactKey: Guid(80a0427baec70b641852e8373c65e465) Importer(815301076,1909f56bfc062723c751e8b465ee728b)
Start importing Assets/Scripts/FieldEvents.cs using Guid(80a0427baec70b641852e8373c65e465) Importer(815301076,1909f56bfc062723c751e8b465ee728b)  -> (artifact id: '0d01f0d544d8eb3ab9d86b2e0360d547') in 0.012445 seconds
  Import took 0.016156 seconds .

========================================================================
Received Import Request.
  Time since last request: 0.076324 seconds.
  path: Assets/Scripts/FieldEvents.cs
  artifactKey: Guid(80a0427baec70b641852e8373c65e465) Importer(815301076,1909f56bfc062723c751e8b465ee728b)
Start importing Assets/Scripts/FieldEvents.cs using Guid(80a0427baec70b641852e8373c65e465) Importer(815301076,1909f56bfc062723c751e8b465ee728b)  -> (artifact id: '0d01f0d544d8eb3ab9d86b2e0360d547') in 0.005339 seconds
  Import took 0.015348 seconds .

========================================================================
Received Prepare
Registering precompiled user dll's ...
Registered in 0.003934 seconds.
Begin MonoManager ReloadAssembly
Native extension for WindowsStandalone target not found
Native extension for WebGL target not found
Refreshing native plugins compatible for Editor in 0.41 ms, found 3 plugins.
Preloading 0 native plugins for Editor in 0.00 ms.
Mono: successfully reloaded assembly
- Completed reload, in  0.983 seconds
Platform modules already initialized, skipping
Refreshing native plugins compatible for Editor in 0.43 ms, found 3 plugins.
Preloading 0 native plugins for Editor in 0.00 ms.
Unloading 2076 Unused Serialized files (Serialized files now loaded: 0)
System memory in use before: 95.8 MB.
System memory in use after: 95.8 MB.

Unloading 21 unused Assets to reduce memory usage. Loaded Objects now: 2524.
Total: 2.427400 ms (FindLiveObjects: 0.295900 ms CreateObjectMapping: 0.088500 ms MarkObjects: 1.934300 ms  DeleteObjects: 0.107800 ms)

========================================================================
Received Import Request.
  Time since last request: 47.203362 seconds.
  path: Assets/Scripts/FiguresSO.cs
  artifactKey: Guid(10c2f200558df2a448b847cfef595037) Importer(815301076,1909f56bfc062723c751e8b465ee728b)
Start importing Assets/Scripts/FiguresSO.cs using Guid(10c2f200558df2a448b847cfef595037) Importer(815301076,1909f56bfc062723c751e8b465ee728b)  -> (artifact id: '9d29c81b7a669fc11adf79886372d64a') in 0.009728 seconds
  Import took 0.013414 seconds .

========================================================================
Received Import Request.
  Time since last request: 0.001425 seconds.
  path: Assets/Scripts/FiguresSO.cs
  artifactKey: Guid(10c2f200558df2a448b847cfef595037) Importer(815301076,1909f56bfc062723c751e8b465ee728b)
Start importing Assets/Scripts/FiguresSO.cs using Guid(10c2f200558df2a448b847cfef595037) Importer(815301076,1909f56bfc062723c751e8b465ee728b)  -> (artifact id: '9d29c81b7a669fc11adf79886372d64a') in 0.005306 seconds
  Import took 0.008755 seconds .

========================================================================
Received Prepare
Registering precompiled user dll's ...
Registered in 0.004075 seconds.
Begin MonoManager ReloadAssembly
Native extension for WindowsStandalone target not found
Native extension for WebGL target not found
Refreshing native plugins compatible for Editor in 0.40 ms, found 3 plugins.
Preloading 0 native plugins for Editor in 0.00 ms.
Mono: successfully reloaded assembly
- Completed reload, in  0.959 seconds
Platform modules already initialized, skipping
Refreshing native plugins compatible for Editor in 0.39 ms, found 3 plugins.
Preloading 0 native plugins for Editor in 0.00 ms.
Unloading 2077 Unused Serialized files (Serialized files now loaded: 0)
System memory in use before: 95.9 MB.
System memory in use after: 95.8 MB.

Unloading 21 unused Assets to reduce memory usage. Loaded Objects now: 2529.
Total: 2.142300 ms (FindLiveObjects: 0.167000 ms CreateObjectMapping: 0.070300 ms MarkObjects: 1.810600 ms  DeleteObjects: 0.093400 ms)

========================================================================
Received Prepare
Registering precompiled user dll's ...
Registered in 0.004145 seconds.
Begin MonoManager ReloadAssembly
Native extension for WindowsStandalone target not found
Native extension for WebGL target not found
Refreshing native plugins compatible for Editor in 0.44 ms, found 3 plugins.
Preloading 0 native plugins for Editor in 0.00 ms.
Mono: successfully reloaded assembly
- Completed reload, in  0.947 seconds
Platform modules already initialized, skipping
Refreshing native plugins compatible for Editor in 0.39 ms, found 3 plugins.
Preloading 0 native plugins for Editor in 0.00 ms.
Unloading 2077 Unused Serialized files (Serialized files now loaded: 0)
System memory in use before: 95.9 MB.
System memory in use after: 95.9 MB.

Unloading 21 unused Assets to reduce memory usage. Loaded Objects now: 2533.
Total: 2.278600 ms (FindLiveObjects: 0.192400 ms CreateObjectMapping: 0.083600 ms MarkObjects: 1.874000 ms  DeleteObjects: 0.127700 ms)

========================================================================
Received Import Request.
  Time since last request: 325.173447 seconds.
  path: Assets/Scripts/FieldEvents.cs
  artifactKey: Guid(80a0427baec70b641852e8373c65e465) Importer(815301076,1909f56bfc062723c751e8b465ee728b)
Start importing Assets/Scripts/FieldEvents.cs using Guid(80a0427baec70b641852e8373c65e465) Importer(815301076,1909f56bfc062723c751e8b465ee728b)  -> (artifact id: '943ed9a19f8f81bc05007a416a2883c8') in 0.005066 seconds
  Import took 0.008048 seconds .

========================================================================
Received Import Request.
  Time since last request: 58.325832 seconds.
  path: Assets/Scripts/GameManager.cs
  artifactKey: Guid(66a4eccc1b2ece845b5cb487ab988368) Importer(815301076,1909f56bfc062723c751e8b465ee728b)
Start importing Assets/Scripts/GameManager.cs using Guid(66a4eccc1b2ece845b5cb487ab988368) Importer(815301076,1909f56bfc062723c751e8b465ee728b)  -> (artifact id: 'bcdecfe78c443acac6982355a65533c9') in 0.017463 seconds
  Import took 0.024776 seconds .

========================================================================
Received Prepare
Registering precompiled user dll's ...
Registered in 0.003973 seconds.
Begin MonoManager ReloadAssembly
Native extension for WindowsStandalone target not found
Native extension for WebGL target not found
Refreshing native plugins compatible for Editor in 0.43 ms, found 3 plugins.
Preloading 0 native plugins for Editor in 0.00 ms.
Mono: successfully reloaded assembly
- Completed reload, in  0.960 seconds
Platform modules already initialized, skipping
Refreshing native plugins compatible for Editor in 0.48 ms, found 3 plugins.
Preloading 0 native plugins for Editor in 0.00 ms.
Unloading 2078 Unused Serialized files (Serialized files now loaded: 0)
System memory in use before: 95.9 MB.
System memory in use after: 95.9 MB.

Unloading 21 unused Assets to reduce memory usage. Loaded Objects now: 2538.
Total: 2.334400 ms (FindLiveObjects: 0.184700 ms CreateObjectMapping: 0.081600 ms MarkObjects: 1.935700 ms  DeleteObjects: 0.131300 ms)

========================================================================
Received Prepare
Registering precompiled user dll's ...
Registered in 0.004579 seconds.
Begin MonoManager ReloadAssembly
Native extension for WindowsStandalone target not found
Native extension for WebGL target not found
Refreshing native plugins compatible for Editor in 0.40 ms, found 3 plugins.
Preloading 0 native plugins for Editor in 0.00 ms.
Mono: successfully reloaded assembly
- Completed reload, in  0.976 seconds
Platform modules already initialized, skipping
Refreshing native plugins compatible for Editor in 0.39 ms, found 3 plugins.
Preloading 0 native plugins for Editor in 0.00 ms.
Unloading 2077 Unused Serialized files (Serialized files now loaded: 0)
System memory in use before: 95.9 MB.
System memory in use after: 95.9 MB.

Unloading 22 unused Assets to reduce memory usage. Loaded Objects now: 2541.
Total: 2.193500 ms (FindLiveObjects: 0.167200 ms CreateObjectMapping: 0.081500 ms MarkObjects: 1.761200 ms  DeleteObjects: 0.182700 ms)

========================================================================
Received Prepare
Registering precompiled user dll's ...
Registered in 0.004370 seconds.
Begin MonoManager ReloadAssembly
Native extension for WindowsStandalone target not found
Native extension for WebGL target not found
Refreshing native plugins compatible for Editor in 0.42 ms, found 3 plugins.
Preloading 0 native plugins for Editor in 0.00 ms.
Mono: successfully reloaded assembly
- Completed reload, in  1.022 seconds
Platform modules already initialized, skipping
Refreshing native plugins compatible for Editor in 0.45 ms, found 3 plugins.
Preloading 0 native plugins for Editor in 0.00 ms.
Unloading 2078 Unused Serialized files (Serialized files now loaded: 0)
System memory in use before: 95.9 MB.
System memory in use after: 95.9 MB.

Unloading 21 unused Assets to reduce memory usage. Loaded Objects now: 2546.
Total: 2.356600 ms (FindLiveObjects: 0.174700 ms CreateObjectMapping: 0.076300 ms MarkObjects: 1.975000 ms  DeleteObjects: 0.129600 ms)

========================================================================
Received Import Request.
  Time since last request: 21.106067 seconds.
  path: Assets/Scripts/FiguresSO.cs
  artifactKey: Guid(10c2f200558df2a448b847cfef595037) Importer(815301076,1909f56bfc062723c751e8b465ee728b)
Start importing Assets/Scripts/FiguresSO.cs using Guid(10c2f200558df2a448b847cfef595037) Importer(815301076,1909f56bfc062723c751e8b465ee728b)  -> (artifact id: '8e1fd442e1cd394107d5c959053459c7') in 0.010020 seconds
  Import took 0.013390 seconds .

========================================================================
Received Import Request.
  Time since last request: 0.006102 seconds.
  path: Assets/Scripts/FiguresSO.cs
  artifactKey: Guid(10c2f200558df2a448b847cfef595037) Importer(815301076,1909f56bfc062723c751e8b465ee728b)
Start importing Assets/Scripts/FiguresSO.cs using Guid(10c2f200558df2a448b847cfef595037) Importer(815301076,1909f56bfc062723c751e8b465ee728b)  -> (artifact id: '8e1fd442e1cd394107d5c959053459c7') in 0.005092 seconds
  Import took 0.008473 seconds .

========================================================================
Received Prepare
Registering precompiled user dll's ...
Registered in 0.004771 seconds.
Begin MonoManager ReloadAssembly
Native extension for WindowsStandalone target not found
Native extension for WebGL target not found
Refreshing native plugins compatible for Editor in 0.42 ms, found 3 plugins.
Preloading 0 native plugins for Editor in 0.00 ms.
Mono: successfully reloaded assembly
- Completed reload, in  1.049 seconds
Platform modules already initialized, skipping
Refreshing native plugins compatible for Editor in 0.47 ms, found 3 plugins.
Preloading 0 native plugins for Editor in 0.00 ms.
Unloading 2077 Unused Serialized files (Serialized files now loaded: 0)
System memory in use before: 95.9 MB.
System memory in use after: 95.9 MB.

Unloading 22 unused Assets to reduce memory usage. Loaded Objects now: 2549.
Total: 3.146700 ms (FindLiveObjects: 0.200800 ms CreateObjectMapping: 0.095500 ms MarkObjects: 2.734700 ms  DeleteObjects: 0.114300 ms)

========================================================================
Received Import Request.
  Time since last request: 28.828159 seconds.
  path: Assets/Scripts/GameMgr.cs
  artifactKey: Guid(e839a5b8e9456ce48be471ec86e452fc) Importer(815301076,1909f56bfc062723c751e8b465ee728b)
Start importing Assets/Scripts/GameMgr.cs using Guid(e839a5b8e9456ce48be471ec86e452fc) Importer(815301076,1909f56bfc062723c751e8b465ee728b)  -> (artifact id: '9b675452886afe073732c3db0fafc1c8') in 0.017279 seconds
  Import took 0.026354 seconds .

========================================================================
Received Prepare
Registering precompiled user dll's ...
Registered in 0.004622 seconds.
Begin MonoManager ReloadAssembly
Native extension for WindowsStandalone target not found
Native extension for WebGL target not found
Refreshing native plugins compatible for Editor in 0.41 ms, found 3 plugins.
Preloading 0 native plugins for Editor in 0.00 ms.
Mono: successfully reloaded assembly
- Completed reload, in  1.044 seconds
Platform modules already initialized, skipping
Refreshing native plugins compatible for Editor in 0.67 ms, found 3 plugins.
Preloading 0 native plugins for Editor in 0.00 ms.
Unloading 2078 Unused Serialized files (Serialized files now loaded: 0)
System memory in use before: 96.0 MB.
System memory in use after: 95.9 MB.

Unloading 21 unused Assets to reduce memory usage. Loaded Objects now: 2554.
Total: 2.773900 ms (FindLiveObjects: 0.293700 ms CreateObjectMapping: 0.321300 ms MarkObjects: 2.047400 ms  DeleteObjects: 0.109500 ms)

========================================================================
Received Prepare
Registering precompiled user dll's ...
Registered in 0.004591 seconds.
Begin MonoManager ReloadAssembly
Native extension for WindowsStandalone target not found
Native extension for WebGL target not found
Refreshing native plugins compatible for Editor in 0.41 ms, found 3 plugins.
Preloading 0 native plugins for Editor in 0.00 ms.
Mono: successfully reloaded assembly
- Completed reload, in  0.948 seconds
Platform modules already initialized, skipping
Refreshing native plugins compatible for Editor in 0.40 ms, found 3 plugins.
Preloading 0 native plugins for Editor in 0.00 ms.
Unloading 2078 Unused Serialized files (Serialized files now loaded: 0)
System memory in use before: 96.0 MB.
System memory in use after: 96.0 MB.

Unloading 21 unused Assets to reduce memory usage. Loaded Objects now: 2558.
Total: 2.099100 ms (FindLiveObjects: 0.182300 ms CreateObjectMapping: 0.079400 ms MarkObjects: 1.703500 ms  DeleteObjects: 0.133100 ms)

========================================================================
Received Import Request.
  Time since last request: 973.642801 seconds.
  path: Assets/Scripts/FiguresSO.cs
  artifactKey: Guid(10c2f200558df2a448b847cfef595037) Importer(815301076,1909f56bfc062723c751e8b465ee728b)
Start importing Assets/Scripts/FiguresSO.cs using Guid(10c2f200558df2a448b847cfef595037) Importer(815301076,1909f56bfc062723c751e8b465ee728b)  -> (artifact id: '9c8bee701cdce024ab169dea83e553d4') in 0.005194 seconds
  Import took 0.008249 seconds .

========================================================================
Received Import Request.
  Time since last request: 0.000306 seconds.
  path: Assets/Scripts/GameMgr.cs
  artifactKey: Guid(e839a5b8e9456ce48be471ec86e452fc) Importer(815301076,1909f56bfc062723c751e8b465ee728b)
Start importing Assets/Scripts/GameMgr.cs using Guid(e839a5b8e9456ce48be471ec86e452fc) Importer(815301076,1909f56bfc062723c751e8b465ee728b)  -> (artifact id: '3c08dcf631cf623461dc154f14d493a0') in 0.003106 seconds
  Import took 0.006717 seconds .

========================================================================
Received Prepare
Registering precompiled user dll's ...
Registered in 0.009568 seconds.
Begin MonoManager ReloadAssembly
Native extension for WindowsStandalone target not found
Native extension for WebGL target not found
Refreshing native plugins compatible for Editor in 0.41 ms, found 3 plugins.
Preloading 0 native plugins for Editor in 0.00 ms.
Mono: successfully reloaded assembly
- Completed reload, in  0.940 seconds
Platform modules already initialized, skipping
Refreshing native plugins compatible for Editor in 0.39 ms, found 3 plugins.
Preloading 0 native plugins for Editor in 0.00 ms.
Unloading 2077 Unused Serialized files (Serialized files now loaded: 0)
System memory in use before: 96.0 MB.
System memory in use after: 95.9 MB.

Unloading 22 unused Assets to reduce memory usage. Loaded Objects now: 2561.
Total: 2.133200 ms (FindLiveObjects: 0.183300 ms CreateObjectMapping: 0.083400 ms MarkObjects: 1.759800 ms  DeleteObjects: 0.105600 ms)

========================================================================
Received Prepare
Registering precompiled user dll's ...
Registered in 0.006169 seconds.
Begin MonoManager ReloadAssembly
Native extension for WindowsStandalone target not found
Native extension for WebGL target not found
Refreshing native plugins compatible for Editor in 0.41 ms, found 3 plugins.
Preloading 0 native plugins for Editor in 0.00 ms.
Mono: successfully reloaded assembly
- Completed reload, in  0.931 seconds
Platform modules already initialized, skipping
Refreshing native plugins compatible for Editor in 0.46 ms, found 3 plugins.
Preloading 0 native plugins for Editor in 0.00 ms.
Unloading 2077 Unused Serialized files (Serialized files now loaded: 0)
System memory in use before: 96.0 MB.
System memory in use after: 95.9 MB.

Unloading 21 unused Assets to reduce memory usage. Loaded Objects now: 2565.
Total: 2.430000 ms (FindLiveObjects: 0.201100 ms CreateObjectMapping: 0.124700 ms MarkObjects: 1.789400 ms  DeleteObjects: 0.313800 ms)

========================================================================
Received Prepare
Registering precompiled user dll's ...
Registered in 0.005171 seconds.
Begin MonoManager ReloadAssembly
Native extension for WindowsStandalone target not found
Native extension for WebGL target not found
Refreshing native plugins compatible for Editor in 0.40 ms, found 3 plugins.
Preloading 0 native plugins for Editor in 0.00 ms.
Mono: successfully reloaded assembly
- Completed reload, in  0.962 seconds
Platform modules already initialized, skipping
Refreshing native plugins compatible for Editor in 0.39 ms, found 3 plugins.
Preloading 0 native plugins for Editor in 0.00 ms.
Unloading 2077 Unused Serialized files (Serialized files now loaded: 0)
System memory in use before: 96.0 MB.
System memory in use after: 96.0 MB.

Unloading 21 unused Assets to reduce memory usage. Loaded Objects now: 2569.
Total: 2.637900 ms (FindLiveObjects: 0.165000 ms CreateObjectMapping: 0.067400 ms MarkObjects: 2.301000 ms  DeleteObjects: 0.103400 ms)

========================================================================
Received Import Request.
  Time since last request: 1943.187708 seconds.
  path: Assets
  artifactKey: Guid(00000000000000001000000000000000) Importer(815301076,1909f56bfc062723c751e8b465ee728b)
Start importing Assets using Guid(00000000000000001000000000000000) Importer(815301076,1909f56bfc062723c751e8b465ee728b)  -> (artifact id: '42d402b061de3733987d63b9cc3b64de') in 0.009998 seconds
  Import took 0.016926 seconds .

========================================================================
Received Import Request.
  Time since last request: 4.835486 seconds.
  path: Assets/Prefabs
  artifactKey: Guid(18ef72d3741ea364fb5010f1b8532956) Importer(815301076,1909f56bfc062723c751e8b465ee728b)
Start importing Assets/Prefabs using Guid(18ef72d3741ea364fb5010f1b8532956) Importer(815301076,1909f56bfc062723c751e8b465ee728b)  -> (artifact id: 'c012be3b051bc5fe11bc8ea84d16dc70') in 0.010235 seconds
  Import took 0.014304 seconds .

========================================================================
Received Import Request.
  Time since last request: 0.000746 seconds.
  path: Assets/Prefabs
  artifactKey: Guid(18ef72d3741ea364fb5010f1b8532956) Importer(815301076,1909f56bfc062723c751e8b465ee728b)
Start importing Assets/Prefabs using Guid(18ef72d3741ea364fb5010f1b8532956) Importer(815301076,1909f56bfc062723c751e8b465ee728b)  -> (artifact id: 'c012be3b051bc5fe11bc8ea84d16dc70') in 0.004649 seconds
  Import took 0.008663 seconds .

========================================================================
Received Import Request.
  Time since last request: 3.521432 seconds.
  path: Assets/Prefabs/Field.prefab
  artifactKey: Guid(cc7d629023961724383dc106d4fa0543) Importer(815301076,1909f56bfc062723c751e8b465ee728b)
Start importing Assets/Prefabs/Field.prefab using Guid(cc7d629023961724383dc106d4fa0543) Importer(815301076,1909f56bfc062723c751e8b465ee728b)  -> (artifact id: 'be4216d5b5ee646a77dd8964a687b963') in 0.039186 seconds
  Import took 0.042795 seconds .

========================================================================
Received Import Request.
  Time since last request: 0.004208 seconds.
  path: Assets/Prefabs/Field.prefab
  artifactKey: Guid(cc7d629023961724383dc106d4fa0543) Importer(815301076,1909f56bfc062723c751e8b465ee728b)
Start importing Assets/Prefabs/Field.prefab using Guid(cc7d629023961724383dc106d4fa0543) Importer(815301076,1909f56bfc062723c751e8b465ee728b)  -> (artifact id: 'be4216d5b5ee646a77dd8964a687b963') in 0.007145 seconds
  Import took 0.010643 seconds .

========================================================================
Received Import Request.
  Time since last request: 2564.254337 seconds.
  path: Assets/Images/bishop.png
  artifactKey: Guid(a17afbd9690d8164fbaa5635057f9e41) Importer(815301076,1909f56bfc062723c751e8b465ee728b)
Start importing Assets/Images/bishop.png using Guid(a17afbd9690d8164fbaa5635057f9e41) Importer(815301076,1909f56bfc062723c751e8b465ee728b)  -> (artifact id: '45dffc42e9742512a9f396723951a992') in 0.052687 seconds
  Import took 0.057617 seconds .

========================================================================
Received Import Request.
  Time since last request: 0.000303 seconds.
  path: Assets/Images/king.png
  artifactKey: Guid(8e1dce525ea777f46bc8c142ed204ef5) Importer(815301076,1909f56bfc062723c751e8b465ee728b)
Start importing Assets/Images/king.png using Guid(8e1dce525ea777f46bc8c142ed204ef5) Importer(815301076,1909f56bfc062723c751e8b465ee728b)  -> (artifact id: '96bba3dcd74edc67d6a8f071295a8f13') in 0.013869 seconds
  Import took 0.017043 seconds .

========================================================================
Received Import Request.
  Time since last request: 4.529590 seconds.
  path: Assets/Images/knight.png
  artifactKey: Guid(fe9920becbee5e747b62937ff2bb0370) Importer(815301076,1909f56bfc062723c751e8b465ee728b)
Start importing Assets/Images/knight.png using Guid(fe9920becbee5e747b62937ff2bb0370) Importer(815301076,1909f56bfc062723c751e8b465ee728b)  -> (artifact id: '5571c210e862750e99c4e8af0545ce86') in 0.020031 seconds
  Import took 0.025183 seconds .

========================================================================
Received Import Request.
  Time since last request: 0.000228 seconds.
  path: Assets/Images/rook.png
  artifactKey: Guid(0b5f1a11a71517c4eac087892db42494) Importer(815301076,1909f56bfc062723c751e8b465ee728b)
Start importing Assets/Images/rook.png using Guid(0b5f1a11a71517c4eac087892db42494) Importer(815301076,1909f56bfc062723c751e8b465ee728b)  -> (artifact id: 'ecc1797f42f5c3b572d1cfb5d25d298a') in 0.023159 seconds
  Import took 0.027386 seconds .

========================================================================
Received Import Request.
  Time since last request: 0.000257 seconds.
  path: Assets/Images/pawn.png
  artifactKey: Guid(633063da960c09d468464dbb48333754) Importer(815301076,1909f56bfc062723c751e8b465ee728b)
Start importing Assets/Images/pawn.png using Guid(633063da960c09d468464dbb48333754) Importer(815301076,1909f56bfc062723c751e8b465ee728b)  -> (artifact id: '1420ead56d2b855ae5e361fe36446a08') in 0.016334 seconds
  Import took 0.019848 seconds .

========================================================================
Received Import Request.
  Time since last request: 0.000172 seconds.
  path: Assets/Images/queen.png
  artifactKey: Guid(c0e6a6cf4f8641f469f338594718df45) Importer(815301076,1909f56bfc062723c751e8b465ee728b)
Start importing Assets/Images/queen.png using Guid(c0e6a6cf4f8641f469f338594718df45) Importer(815301076,1909f56bfc062723c751e8b465ee728b)  -> (artifact id: '99cbfaf351e74c9cb85b2fca1d8d0aba') in 0.016174 seconds
  Import took 0.019578 seconds .

========================================================================
Received Prepare
Registering precompiled user dll's ...
Registered in 0.004303 seconds.
Begin MonoManager ReloadAssembly
Native extension for WindowsStandalone target not found
Native extension for WebGL target not found
Refreshing native plugins compatible for Editor in 0.40 ms, found 3 plugins.
Preloading 0 native plugins for Editor in 0.00 ms.
Mono: successfully reloaded assembly
- Completed reload, in  1.045 seconds
Platform modules already initialized, skipping
Refreshing native plugins compatible for Editor in 0.41 ms, found 3 plugins.
Preloading 0 native plugins for Editor in 0.00 ms.
Unloading 2077 Unused Serialized files (Serialized files now loaded: 0)
System memory in use before: 96.0 MB.
System memory in use after: 96.0 MB.

Unloading 21 unused Assets to reduce memory usage. Loaded Objects now: 2576.
Total: 2.268500 ms (FindLiveObjects: 0.177100 ms CreateObjectMapping: 0.104000 ms MarkObjects: 1.861200 ms  DeleteObjects: 0.125200 ms)

========================================================================
Received Import Request.
  Time since last request: 151.926934 seconds.
  path: Assets/Images/knight_white.png
  artifactKey: Guid(a846b7c5fc29a1b4f890a13b303d62d9) Importer(815301076,1909f56bfc062723c751e8b465ee728b)
Start importing Assets/Images/knight_white.png using Guid(a846b7c5fc29a1b4f890a13b303d62d9) Importer(815301076,1909f56bfc062723c751e8b465ee728b)  -> (artifact id: '4ed955ed3305240cb4cbc20fc0086542') in 0.051833 seconds
  Import took 0.056139 seconds .

========================================================================
Received Prepare
Registering precompiled user dll's ...
Registered in 0.005184 seconds.
Begin MonoManager ReloadAssembly
Native extension for WindowsStandalone target not found
Native extension for WebGL target not found
Refreshing native plugins compatible for Editor in 0.47 ms, found 3 plugins.
Preloading 0 native plugins for Editor in 0.00 ms.
Mono: successfully reloaded assembly
- Completed reload, in  1.064 seconds
Platform modules already initialized, skipping
Refreshing native plugins compatible for Editor in 0.46 ms, found 3 plugins.
Preloading 0 native plugins for Editor in 0.00 ms.
Unloading 2077 Unused Serialized files (Serialized files now loaded: 0)
System memory in use before: 96.0 MB.
System memory in use after: 96.0 MB.

Unloading 21 unused Assets to reduce memory usage. Loaded Objects now: 2581.
Total: 3.400500 ms (FindLiveObjects: 0.211200 ms CreateObjectMapping: 0.089800 ms MarkObjects: 2.983400 ms  DeleteObjects: 0.114800 ms)

========================================================================
Received Prepare
Registering precompiled user dll's ...
Registered in 0.004493 seconds.
Begin MonoManager ReloadAssembly
Native extension for WindowsStandalone target not found
Native extension for WebGL target not found
Refreshing native plugins compatible for Editor in 0.40 ms, found 3 plugins.
Preloading 0 native plugins for Editor in 0.00 ms.
Mono: successfully reloaded assembly
- Completed reload, in  0.948 seconds
Platform modules already initialized, skipping
Refreshing native plugins compatible for Editor in 0.39 ms, found 3 plugins.
Preloading 0 native plugins for Editor in 0.00 ms.
Unloading 2077 Unused Serialized files (Serialized files now loaded: 0)
System memory in use before: 96.0 MB.
System memory in use after: 96.0 MB.

Unloading 21 unused Assets to reduce memory usage. Loaded Objects now: 2585.
Total: 2.303600 ms (FindLiveObjects: 0.182800 ms CreateObjectMapping: 0.079500 ms MarkObjects: 1.897100 ms  DeleteObjects: 0.142700 ms)

========================================================================
Received Prepare
Registering precompiled user dll's ...
Registered in 0.003859 seconds.
Begin MonoManager ReloadAssembly
Native extension for WindowsStandalone target not found
Native extension for WebGL target not found
Refreshing native plugins compatible for Editor in 0.41 ms, found 3 plugins.
Preloading 0 native plugins for Editor in 0.00 ms.
Mono: successfully reloaded assembly
- Completed reload, in  0.997 seconds
Platform modules already initialized, skipping
Refreshing native plugins compatible for Editor in 0.44 ms, found 3 plugins.
Preloading 0 native plugins for Editor in 0.00 ms.
Unloading 2077 Unused Serialized files (Serialized files now loaded: 0)
System memory in use before: 96.0 MB.
System memory in use after: 96.0 MB.

Unloading 21 unused Assets to reduce memory usage. Loaded Objects now: 2589.
Total: 3.673100 ms (FindLiveObjects: 0.257600 ms CreateObjectMapping: 0.081900 ms MarkObjects: 3.090800 ms  DeleteObjects: 0.241400 ms)

========================================================================
Received Import Request.
  Time since last request: 363.253385 seconds.
  path: Assets/Images/bishop.png
  artifactKey: Guid(a17afbd9690d8164fbaa5635057f9e41) Importer(815301076,1909f56bfc062723c751e8b465ee728b)
Start importing Assets/Images/bishop.png using Guid(a17afbd9690d8164fbaa5635057f9e41) Importer(815301076,1909f56bfc062723c751e8b465ee728b)  -> (artifact id: 'addaec2fb8015d6b37419b256438fc25') in 0.057671 seconds
  Import took 0.062191 seconds .

========================================================================
Received Import Request.
  Time since last request: 0.000319 seconds.
  path: Assets/Images/rook.png
  artifactKey: Guid(0b5f1a11a71517c4eac087892db42494) Importer(815301076,1909f56bfc062723c751e8b465ee728b)
Start importing Assets/Images/rook.png using Guid(0b5f1a11a71517c4eac087892db42494) Importer(815301076,1909f56bfc062723c751e8b465ee728b)  -> (artifact id: 'fb500e0c106a21363f7075d9386ba557') in 0.012624 seconds
  Import took 0.015523 seconds .

========================================================================
Received Import Request.
  Time since last request: 0.000290 seconds.
  path: Assets/Images/pawn.png
  artifactKey: Guid(633063da960c09d468464dbb48333754) Importer(815301076,1909f56bfc062723c751e8b465ee728b)
Start importing Assets/Images/pawn.png using Guid(633063da960c09d468464dbb48333754) Importer(815301076,1909f56bfc062723c751e8b465ee728b)  -> (artifact id: '237ff4d71a3d30fe21f8d9ba2d5fd7ea') in 0.014368 seconds
  Import took 0.018318 seconds .

========================================================================
Received Import Request.
  Time since last request: 0.000314 seconds.
  path: Assets/Images/king.png
  artifactKey: Guid(8e1dce525ea777f46bc8c142ed204ef5) Importer(815301076,1909f56bfc062723c751e8b465ee728b)
Start importing Assets/Images/king.png using Guid(8e1dce525ea777f46bc8c142ed204ef5) Importer(815301076,1909f56bfc062723c751e8b465ee728b)  -> (artifact id: '1fe5e9a8f691bef6452543f91842ee5a') in 0.018168 seconds
  Import took 0.021948 seconds .

========================================================================
Received Import Request.
  Time since last request: 0.000283 seconds.
  path: Assets/Images/queen.png
  artifactKey: Guid(c0e6a6cf4f8641f469f338594718df45) Importer(815301076,1909f56bfc062723c751e8b465ee728b)
Start importing Assets/Images/queen.png using Guid(c0e6a6cf4f8641f469f338594718df45) Importer(815301076,1909f56bfc062723c751e8b465ee728b)  -> (artifact id: 'c13f7d4a1a33cc10fbf485eba280778b') in 0.012903 seconds
  Import took 0.016427 seconds .

========================================================================
Received Import Request.
  Time since last request: 0.000244 seconds.
  path: Assets/Images/king.png
  artifactKey: Guid(8e1dce525ea777f46bc8c142ed204ef5) Importer(815301076,1909f56bfc062723c751e8b465ee728b)
Start importing Assets/Images/king.png using Guid(8e1dce525ea777f46bc8c142ed204ef5) Importer(815301076,1909f56bfc062723c751e8b465ee728b)  -> (artifact id: '1fe5e9a8f691bef6452543f91842ee5a') in 0.009529 seconds
  Import took 0.012488 seconds .

========================================================================
Received Prepare
Registering precompiled user dll's ...
Registered in 0.005954 seconds.
Begin MonoManager ReloadAssembly
Native extension for WindowsStandalone target not found
Native extension for WebGL target not found
Refreshing native plugins compatible for Editor in 0.42 ms, found 3 plugins.
Preloading 0 native plugins for Editor in 0.00 ms.
Mono: successfully reloaded assembly
- Completed reload, in  0.951 seconds
Platform modules already initialized, skipping
Refreshing native plugins compatible for Editor in 0.39 ms, found 3 plugins.
Preloading 0 native plugins for Editor in 0.00 ms.
Unloading 2077 Unused Serialized files (Serialized files now loaded: 0)
System memory in use before: 96.1 MB.
System memory in use after: 96.0 MB.

Unloading 21 unused Assets to reduce memory usage. Loaded Objects now: 2594.
Total: 2.121300 ms (FindLiveObjects: 0.189500 ms CreateObjectMapping: 0.086200 ms MarkObjects: 1.710600 ms  DeleteObjects: 0.134100 ms)

========================================================================
Received Prepare
Registering precompiled user dll's ...
Registered in 0.004154 seconds.
Begin MonoManager ReloadAssembly
Native extension for WindowsStandalone target not found
Native extension for WebGL target not found
Refreshing native plugins compatible for Editor in 0.40 ms, found 3 plugins.
Preloading 0 native plugins for Editor in 0.00 ms.
Mono: successfully reloaded assembly
- Completed reload, in  0.966 seconds
Platform modules already initialized, skipping
Refreshing native plugins compatible for Editor in 0.39 ms, found 3 plugins.
Preloading 0 native plugins for Editor in 0.00 ms.
Unloading 2077 Unused Serialized files (Serialized files now loaded: 0)
System memory in use before: 96.1 MB.
System memory in use after: 96.0 MB.

Unloading 21 unused Assets to reduce memory usage. Loaded Objects now: 2598.
Total: 2.350000 ms (FindLiveObjects: 0.188000 ms CreateObjectMapping: 0.079400 ms MarkObjects: 1.941300 ms  DeleteObjects: 0.140300 ms)

========================================================================
Received Prepare
Registering precompiled user dll's ...
Registered in 0.004477 seconds.
Begin MonoManager ReloadAssembly
Native extension for WindowsStandalone target not found
Native extension for WebGL target not found
Refreshing native plugins compatible for Editor in 0.42 ms, found 3 plugins.
Preloading 0 native plugins for Editor in 0.00 ms.
Mono: successfully reloaded assembly
- Completed reload, in  0.962 seconds
Platform modules already initialized, skipping
Refreshing native plugins compatible for Editor in 0.40 ms, found 3 plugins.
Preloading 0 native plugins for Editor in 0.00 ms.
Unloading 2077 Unused Serialized files (Serialized files now loaded: 0)
System memory in use before: 96.1 MB.
System memory in use after: 96.1 MB.

Unloading 21 unused Assets to reduce memory usage. Loaded Objects now: 2602.
Total: 2.119600 ms (FindLiveObjects: 0.194600 ms CreateObjectMapping: 0.088400 ms MarkObjects: 1.723300 ms  DeleteObjects: 0.111800 ms)

========================================================================
Received Prepare
Registering precompiled user dll's ...
Registered in 0.004063 seconds.
Begin MonoManager ReloadAssembly
Native extension for WindowsStandalone target not found
Native extension for WebGL target not found
Refreshing native plugins compatible for Editor in 0.43 ms, found 3 plugins.
Preloading 0 native plugins for Editor in 0.00 ms.
Mono: successfully reloaded assembly
- Completed reload, in  1.032 seconds
Platform modules already initialized, skipping
Refreshing native plugins compatible for Editor in 0.40 ms, found 3 plugins.
Preloading 0 native plugins for Editor in 0.00 ms.
Unloading 2077 Unused Serialized files (Serialized files now loaded: 0)
System memory in use before: 96.1 MB.
System memory in use after: 96.1 MB.

Unloading 21 unused Assets to reduce memory usage. Loaded Objects now: 2606.
Total: 2.394700 ms (FindLiveObjects: 0.196500 ms CreateObjectMapping: 0.086900 ms MarkObjects: 1.989000 ms  DeleteObjects: 0.120400 ms)

========================================================================
Received Prepare
Registering precompiled user dll's ...
Registered in 0.003898 seconds.
Begin MonoManager ReloadAssembly
Native extension for WindowsStandalone target not found
Native extension for WebGL target not found
Refreshing native plugins compatible for Editor in 0.40 ms, found 3 plugins.
Preloading 0 native plugins for Editor in 0.00 ms.
Mono: successfully reloaded assembly
- Completed reload, in  0.936 seconds
Platform modules already initialized, skipping
Refreshing native plugins compatible for Editor in 0.40 ms, found 3 plugins.
Preloading 0 native plugins for Editor in 0.00 ms.
Unloading 2077 Unused Serialized files (Serialized files now loaded: 0)
System memory in use before: 96.1 MB.
System memory in use after: 96.1 MB.

Unloading 21 unused Assets to reduce memory usage. Loaded Objects now: 2610.
Total: 2.221300 ms (FindLiveObjects: 0.189500 ms CreateObjectMapping: 0.085200 ms MarkObjects: 1.813200 ms  DeleteObjects: 0.132200 ms)

========================================================================
Received Prepare
Registering precompiled user dll's ...
Registered in 0.004175 seconds.
Begin MonoManager ReloadAssembly
Native extension for WindowsStandalone target not found
Native extension for WebGL target not found
Refreshing native plugins compatible for Editor in 0.41 ms, found 3 plugins.
Preloading 0 native plugins for Editor in 0.00 ms.
Mono: successfully reloaded assembly
- Completed reload, in  0.939 seconds
Platform modules already initialized, skipping
Refreshing native plugins compatible for Editor in 0.40 ms, found 3 plugins.
Preloading 0 native plugins for Editor in 0.00 ms.
Unloading 2077 Unused Serialized files (Serialized files now loaded: 0)
System memory in use before: 96.1 MB.
System memory in use after: 96.1 MB.

Unloading 21 unused Assets to reduce memory usage. Loaded Objects now: 2614.
Total: 2.314300 ms (FindLiveObjects: 0.182500 ms CreateObjectMapping: 0.072600 ms MarkObjects: 1.858500 ms  DeleteObjects: 0.199800 ms)

========================================================================
Received Prepare
Registering precompiled user dll's ...
Registered in 0.005286 seconds.
Begin MonoManager ReloadAssembly
Native extension for WindowsStandalone target not found
Native extension for WebGL target not found
Refreshing native plugins compatible for Editor in 0.48 ms, found 3 plugins.
Preloading 0 native plugins for Editor in 0.00 ms.
Mono: successfully reloaded assembly
- Completed reload, in  1.109 seconds
Platform modules already initialized, skipping
Refreshing native plugins compatible for Editor in 0.43 ms, found 3 plugins.
Preloading 0 native plugins for Editor in 0.00 ms.
Unloading 2090 Unused Serialized files (Serialized files now loaded: 0)
System memory in use before: 98.1 MB.
System memory in use after: 97.4 MB.

Unloading 34 unused Assets to reduce memory usage. Loaded Objects now: 2618.
Total: 2.864100 ms (FindLiveObjects: 0.305200 ms CreateObjectMapping: 0.112400 ms MarkObjects: 2.029800 ms  DeleteObjects: 0.415400 ms)

========================================================================
Received Prepare
Registering precompiled user dll's ...
Registered in 0.005665 seconds.
Begin MonoManager ReloadAssembly
Native extension for WindowsStandalone target not found
Native extension for WebGL target not found
Refreshing native plugins compatible for Editor in 0.41 ms, found 3 plugins.
Preloading 0 native plugins for Editor in 0.00 ms.
Mono: successfully reloaded assembly
- Completed reload, in  0.912 seconds
Platform modules already initialized, skipping
Refreshing native plugins compatible for Editor in 0.40 ms, found 3 plugins.
Preloading 0 native plugins for Editor in 0.00 ms.
Unloading 2090 Unused Serialized files (Serialized files now loaded: 0)
System memory in use before: 98.1 MB.
System memory in use after: 97.4 MB.

Unloading 34 unused Assets to reduce memory usage. Loaded Objects now: 2622.
Total: 2.684600 ms (FindLiveObjects: 0.250900 ms CreateObjectMapping: 0.089900 ms MarkObjects: 1.924300 ms  DeleteObjects: 0.418300 ms)

========================================================================
Received Prepare
Registering precompiled user dll's ...
Registered in 0.004024 seconds.
Begin MonoManager ReloadAssembly
Native extension for WindowsStandalone target not found
Native extension for WebGL target not found
Refreshing native plugins compatible for Editor in 0.40 ms, found 3 plugins.
Preloading 0 native plugins for Editor in 0.00 ms.
Mono: successfully reloaded assembly
- Completed reload, in  0.977 seconds
Platform modules already initialized, skipping
Refreshing native plugins compatible for Editor in 0.40 ms, found 3 plugins.
Preloading 0 native plugins for Editor in 0.00 ms.
Unloading 2090 Unused Serialized files (Serialized files now loaded: 0)
System memory in use before: 98.1 MB.
System memory in use after: 97.4 MB.

Unloading 34 unused Assets to reduce memory usage. Loaded Objects now: 2626.
Total: 3.031400 ms (FindLiveObjects: 0.453700 ms CreateObjectMapping: 0.114800 ms MarkObjects: 1.997500 ms  DeleteObjects: 0.464300 ms)

========================================================================
Received Import Request.
  Time since last request: 3607.480852 seconds.
  path: Assets/Prefabs/Field.prefab
  artifactKey: Guid(cc7d629023961724383dc106d4fa0543) Importer(815301076,1909f56bfc062723c751e8b465ee728b)
Start importing Assets/Prefabs/Field.prefab using Guid(cc7d629023961724383dc106d4fa0543) Importer(815301076,1909f56bfc062723c751e8b465ee728b)  -> (artifact id: 'e715a88968a01014d4b2cfbad54fe7f3') in 0.036898 seconds
  Import took 0.042314 seconds .

========================================================================
Received Import Request.
  Time since last request: 800.970282 seconds.
  path: Assets/Scripts/ConsoleMgr.cs
  artifactKey: Guid(7928199a96a31584282db935ed99706f) Importer(815301076,1909f56bfc062723c751e8b465ee728b)
Start importing Assets/Scripts/ConsoleMgr.cs using Guid(7928199a96a31584282db935ed99706f) Importer(815301076,1909f56bfc062723c751e8b465ee728b)  -> (artifact id: '9a17e49288fa2a31c90bf41747c9abe2') in 0.012395 seconds
  Import took 0.021744 seconds .

========================================================================
Received Import Request.
  Time since last request: 97.551796 seconds.
  path: Assets/Scripts/ConsoleMgr.cs
  artifactKey: Guid(7928199a96a31584282db935ed99706f) Importer(815301076,1909f56bfc062723c751e8b465ee728b)
Start importing Assets/Scripts/ConsoleMgr.cs using Guid(7928199a96a31584282db935ed99706f) Importer(815301076,1909f56bfc062723c751e8b465ee728b)  -> (artifact id: 'bcafb47b0ee378bc094a647671975c9b') in 0.010621 seconds
  Import took 0.016052 seconds .

========================================================================
Received Prepare
Registering precompiled user dll's ...
Registered in 0.004062 seconds.
Begin MonoManager ReloadAssembly
Native extension for WindowsStandalone target not found
Native extension for WebGL target not found
Refreshing native plugins compatible for Editor in 0.41 ms, found 3 plugins.
Preloading 0 native plugins for Editor in 0.00 ms.
Mono: successfully reloaded assembly
- Completed reload, in  0.956 seconds
Platform modules already initialized, skipping
Refreshing native plugins compatible for Editor in 0.40 ms, found 3 plugins.
Preloading 0 native plugins for Editor in 0.00 ms.
Unloading 2091 Unused Serialized files (Serialized files now loaded: 0)
System memory in use before: 98.1 MB.
System memory in use after: 97.5 MB.

Unloading 34 unused Assets to reduce memory usage. Loaded Objects now: 2631.
Total: 2.530700 ms (FindLiveObjects: 0.202200 ms CreateObjectMapping: 0.079800 ms MarkObjects: 1.850600 ms  DeleteObjects: 0.397100 ms)

========================================================================
Received Prepare
Registering precompiled user dll's ...
Registered in 0.004038 seconds.
Begin MonoManager ReloadAssembly
Native extension for WindowsStandalone target not found
Native extension for WebGL target not found
Refreshing native plugins compatible for Editor in 0.44 ms, found 3 plugins.
Preloading 0 native plugins for Editor in 0.00 ms.
Mono: successfully reloaded assembly
- Completed reload, in  0.947 seconds
Platform modules already initialized, skipping
Refreshing native plugins compatible for Editor in 0.46 ms, found 3 plugins.
Preloading 0 native plugins for Editor in 0.00 ms.
Unloading 2091 Unused Serialized files (Serialized files now loaded: 0)
System memory in use before: 98.1 MB.
System memory in use after: 97.5 MB.

Unloading 34 unused Assets to reduce memory usage. Loaded Objects now: 2635.
Total: 2.452700 ms (FindLiveObjects: 0.201200 ms CreateObjectMapping: 0.092100 ms MarkObjects: 1.772500 ms  DeleteObjects: 0.385600 ms)

========================================================================
Received Prepare
Registering precompiled user dll's ...
Registered in 0.004193 seconds.
Begin MonoManager ReloadAssembly
Native extension for WindowsStandalone target not found
Native extension for WebGL target not found
Refreshing native plugins compatible for Editor in 0.40 ms, found 3 plugins.
Preloading 0 native plugins for Editor in 0.00 ms.
Mono: successfully reloaded assembly
- Completed reload, in  0.951 seconds
Platform modules already initialized, skipping
Refreshing native plugins compatible for Editor in 0.48 ms, found 3 plugins.
Preloading 0 native plugins for Editor in 0.00 ms.
Unloading 2091 Unused Serialized files (Serialized files now loaded: 0)
System memory in use before: 98.2 MB.
System memory in use after: 97.5 MB.

Unloading 34 unused Assets to reduce memory usage. Loaded Objects now: 2639.
Total: 2.611500 ms (FindLiveObjects: 0.180700 ms CreateObjectMapping: 0.078000 ms MarkObjects: 1.894700 ms  DeleteObjects: 0.457200 ms)

========================================================================
Received Prepare
Registering precompiled user dll's ...
Registered in 0.004206 seconds.
Begin MonoManager ReloadAssembly
Native extension for WindowsStandalone target not found
Native extension for WebGL target not found
Refreshing native plugins compatible for Editor in 0.41 ms, found 3 plugins.
Preloading 0 native plugins for Editor in 0.00 ms.
Mono: successfully reloaded assembly
- Completed reload, in  0.954 seconds
Platform modules already initialized, skipping
Refreshing native plugins compatible for Editor in 0.43 ms, found 3 plugins.
Preloading 0 native plugins for Editor in 0.00 ms.
Unloading 2091 Unused Serialized files (Serialized files now loaded: 0)
System memory in use before: 98.2 MB.
System memory in use after: 97.5 MB.

Unloading 34 unused Assets to reduce memory usage. Loaded Objects now: 2643.
Total: 2.631200 ms (FindLiveObjects: 0.207500 ms CreateObjectMapping: 0.125000 ms MarkObjects: 1.818300 ms  DeleteObjects: 0.479100 ms)

========================================================================
Received Prepare
Registering precompiled user dll's ...
Registered in 0.003994 seconds.
Begin MonoManager ReloadAssembly
Native extension for WindowsStandalone target not found
Native extension for WebGL target not found
Refreshing native plugins compatible for Editor in 0.40 ms, found 3 plugins.
Preloading 0 native plugins for Editor in 0.00 ms.
Mono: successfully reloaded assembly
- Completed reload, in  0.935 seconds
Platform modules already initialized, skipping
Refreshing native plugins compatible for Editor in 0.39 ms, found 3 plugins.
Preloading 0 native plugins for Editor in 0.00 ms.
Unloading 2091 Unused Serialized files (Serialized files now loaded: 0)
System memory in use before: 98.2 MB.
System memory in use after: 97.5 MB.

Unloading 34 unused Assets to reduce memory usage. Loaded Objects now: 2647.
Total: 2.399500 ms (FindLiveObjects: 0.182100 ms CreateObjectMapping: 0.076600 ms MarkObjects: 1.761200 ms  DeleteObjects: 0.378800 ms)

========================================================================
Received Prepare
Registering precompiled user dll's ...
Registered in 0.004684 seconds.
Begin MonoManager ReloadAssembly
Native extension for WindowsStandalone target not found
Native extension for WebGL target not found
Refreshing native plugins compatible for Editor in 0.41 ms, found 3 plugins.
Preloading 0 native plugins for Editor in 0.00 ms.
Mono: successfully reloaded assembly
- Completed reload, in  1.005 seconds
Platform modules already initialized, skipping
Refreshing native plugins compatible for Editor in 0.40 ms, found 3 plugins.
Preloading 0 native plugins for Editor in 0.00 ms.
Unloading 2091 Unused Serialized files (Serialized files now loaded: 0)
System memory in use before: 98.2 MB.
System memory in use after: 97.5 MB.

Unloading 34 unused Assets to reduce memory usage. Loaded Objects now: 2651.
Total: 2.635800 ms (FindLiveObjects: 0.193400 ms CreateObjectMapping: 0.084500 ms MarkObjects: 1.953600 ms  DeleteObjects: 0.403400 ms)

========================================================================
Received Import Request.
  Time since last request: 4340.305439 seconds.
  path: Assets/Prefabs/Field.prefab
  artifactKey: Guid(cc7d629023961724383dc106d4fa0543) Importer(815301076,1909f56bfc062723c751e8b465ee728b)
Start importing Assets/Prefabs/Field.prefab using Guid(cc7d629023961724383dc106d4fa0543) Importer(815301076,1909f56bfc062723c751e8b465ee728b)  -> (artifact id: '92121f6a5746adc76e45bb2acf2fddc8') in 0.027354 seconds
  Import took 0.030915 seconds .

========================================================================
Received Prepare
Registering precompiled user dll's ...
Registered in 0.004859 seconds.
Begin MonoManager ReloadAssembly
Native extension for WindowsStandalone target not found
Native extension for WebGL target not found
Refreshing native plugins compatible for Editor in 0.41 ms, found 3 plugins.
Preloading 0 native plugins for Editor in 0.00 ms.
Mono: successfully reloaded assembly
- Completed reload, in  0.967 seconds
Platform modules already initialized, skipping
Refreshing native plugins compatible for Editor in 0.40 ms, found 3 plugins.
Preloading 0 native plugins for Editor in 0.00 ms.
Unloading 2091 Unused Serialized files (Serialized files now loaded: 0)
System memory in use before: 98.2 MB.
System memory in use after: 97.5 MB.

Unloading 34 unused Assets to reduce memory usage. Loaded Objects now: 2655.
Total: 2.434300 ms (FindLiveObjects: 0.248400 ms CreateObjectMapping: 0.087500 ms MarkObjects: 1.713000 ms  DeleteObjects: 0.384200 ms)

========================================================================
Received Prepare
Registering precompiled user dll's ...
Registered in 0.004240 seconds.
Begin MonoManager ReloadAssembly
Native extension for WindowsStandalone target not found
Native extension for WebGL target not found
Refreshing native plugins compatible for Editor in 0.40 ms, found 3 plugins.
Preloading 0 native plugins for Editor in 0.00 ms.
Mono: successfully reloaded assembly
- Completed reload, in  0.949 seconds
Platform modules already initialized, skipping
Refreshing native plugins compatible for Editor in 0.41 ms, found 3 plugins.
Preloading 0 native plugins for Editor in 0.00 ms.
Unloading 2091 Unused Serialized files (Serialized files now loaded: 0)
System memory in use before: 98.2 MB.
System memory in use after: 97.5 MB.

Unloading 34 unused Assets to reduce memory usage. Loaded Objects now: 2659.
Total: 2.815400 ms (FindLiveObjects: 0.187300 ms CreateObjectMapping: 0.078400 ms MarkObjects: 2.165600 ms  DeleteObjects: 0.382800 ms)

========================================================================
Received Prepare
Registering precompiled user dll's ...
Registered in 0.004890 seconds.
Begin MonoManager ReloadAssembly
Native extension for WindowsStandalone target not found
Native extension for WebGL target not found
Refreshing native plugins compatible for Editor in 0.41 ms, found 3 plugins.
Preloading 0 native plugins for Editor in 0.00 ms.
Mono: successfully reloaded assembly
- Completed reload, in  0.931 seconds
Platform modules already initialized, skipping
Refreshing native plugins compatible for Editor in 0.39 ms, found 3 plugins.
Preloading 0 native plugins for Editor in 0.00 ms.
Unloading 2091 Unused Serialized files (Serialized files now loaded: 0)
System memory in use before: 98.2 MB.
System memory in use after: 97.5 MB.

Unloading 34 unused Assets to reduce memory usage. Loaded Objects now: 2663.
Total: 2.571100 ms (FindLiveObjects: 0.193600 ms CreateObjectMapping: 0.089900 ms MarkObjects: 1.880500 ms  DeleteObjects: 0.406200 ms)

========================================================================
Received Prepare
Registering precompiled user dll's ...
Registered in 0.007374 seconds.
Begin MonoManager ReloadAssembly
Native extension for WindowsStandalone target not found
Native extension for WebGL target not found
Refreshing native plugins compatible for Editor in 0.47 ms, found 3 plugins.
Preloading 0 native plugins for Editor in 0.00 ms.
Mono: successfully reloaded assembly
- Completed reload, in  0.968 seconds
Platform modules already initialized, skipping
Refreshing native plugins compatible for Editor in 0.41 ms, found 3 plugins.
Preloading 0 native plugins for Editor in 0.00 ms.
Unloading 2091 Unused Serialized files (Serialized files now loaded: 0)
System memory in use before: 98.2 MB.
System memory in use after: 97.5 MB.

Unloading 34 unused Assets to reduce memory usage. Loaded Objects now: 2667.
Total: 2.682000 ms (FindLiveObjects: 0.189200 ms CreateObjectMapping: 0.079200 ms MarkObjects: 1.982800 ms  DeleteObjects: 0.429800 ms)

========================================================================
Received Prepare
Registering precompiled user dll's ...
Registered in 0.004375 seconds.
Begin MonoManager ReloadAssembly
Native extension for WindowsStandalone target not found
Native extension for WebGL target not found
Refreshing native plugins compatible for Editor in 0.48 ms, found 3 plugins.
Preloading 0 native plugins for Editor in 0.00 ms.
Mono: successfully reloaded assembly
- Completed reload, in  0.921 seconds
Platform modules already initialized, skipping
Refreshing native plugins compatible for Editor in 0.57 ms, found 3 plugins.
Preloading 0 native plugins for Editor in 0.00 ms.
Unloading 2091 Unused Serialized files (Serialized files now loaded: 0)
System memory in use before: 98.2 MB.
System memory in use after: 97.6 MB.

Unloading 34 unused Assets to reduce memory usage. Loaded Objects now: 2671.
Total: 2.779800 ms (FindLiveObjects: 0.217700 ms CreateObjectMapping: 0.077600 ms MarkObjects: 2.070800 ms  DeleteObjects: 0.412400 ms)

========================================================================
Received Prepare
Registering precompiled user dll's ...
Registered in 0.004521 seconds.
Begin MonoManager ReloadAssembly
Native extension for WindowsStandalone target not found
Native extension for WebGL target not found
Refreshing native plugins compatible for Editor in 0.41 ms, found 3 plugins.
Preloading 0 native plugins for Editor in 0.00 ms.
Mono: successfully reloaded assembly
- Completed reload, in  0.958 seconds
Platform modules already initialized, skipping
Refreshing native plugins compatible for Editor in 0.40 ms, found 3 plugins.
Preloading 0 native plugins for Editor in 0.00 ms.
Unloading 2091 Unused Serialized files (Serialized files now loaded: 0)
System memory in use before: 98.2 MB.
System memory in use after: 97.6 MB.

Unloading 34 unused Assets to reduce memory usage. Loaded Objects now: 2675.
Total: 2.737600 ms (FindLiveObjects: 0.203200 ms CreateObjectMapping: 0.169300 ms MarkObjects: 1.992900 ms  DeleteObjects: 0.371200 ms)

========================================================================
Received Prepare
Registering precompiled user dll's ...
Registered in 0.004407 seconds.
Begin MonoManager ReloadAssembly
Native extension for WindowsStandalone target not found
Native extension for WebGL target not found
Refreshing native plugins compatible for Editor in 0.47 ms, found 3 plugins.
Preloading 0 native plugins for Editor in 0.00 ms.
Mono: successfully reloaded assembly
- Completed reload, in  1.046 seconds
Platform modules already initialized, skipping
Refreshing native plugins compatible for Editor in 0.39 ms, found 3 plugins.
Preloading 0 native plugins for Editor in 0.00 ms.
Unloading 2091 Unused Serialized files (Serialized files now loaded: 0)
System memory in use before: 98.2 MB.
System memory in use after: 97.6 MB.

Unloading 34 unused Assets to reduce memory usage. Loaded Objects now: 2679.
Total: 2.469700 ms (FindLiveObjects: 0.199900 ms CreateObjectMapping: 0.082500 ms MarkObjects: 1.796400 ms  DeleteObjects: 0.390000 ms)

========================================================================
Received Prepare
Registering precompiled user dll's ...
Registered in 0.005512 seconds.
Begin MonoManager ReloadAssembly
Native extension for WindowsStandalone target not found
Native extension for WebGL target not found
Refreshing native plugins compatible for Editor in 0.42 ms, found 3 plugins.
Preloading 0 native plugins for Editor in 0.00 ms.
Mono: successfully reloaded assembly
- Completed reload, in  1.264 seconds
Platform modules already initialized, skipping
Refreshing native plugins compatible for Editor in 0.43 ms, found 3 plugins.
Preloading 0 native plugins for Editor in 0.00 ms.
Unloading 2091 Unused Serialized files (Serialized files now loaded: 0)
System memory in use before: 98.3 MB.
System memory in use after: 97.6 MB.

Unloading 34 unused Assets to reduce memory usage. Loaded Objects now: 2683.
Total: 2.812800 ms (FindLiveObjects: 0.253200 ms CreateObjectMapping: 0.113500 ms MarkObjects: 2.012900 ms  DeleteObjects: 0.431600 ms)

========================================================================
Received Prepare
Registering precompiled user dll's ...
Registered in 0.004459 seconds.
Begin MonoManager ReloadAssembly
Native extension for WindowsStandalone target not found
Native extension for WebGL target not found
Refreshing native plugins compatible for Editor in 0.41 ms, found 3 plugins.
Preloading 0 native plugins for Editor in 0.00 ms.
Mono: successfully reloaded assembly
- Completed reload, in  0.975 seconds
Platform modules already initialized, skipping
Refreshing native plugins compatible for Editor in 0.40 ms, found 3 plugins.
Preloading 0 native plugins for Editor in 0.00 ms.
Unloading 2091 Unused Serialized files (Serialized files now loaded: 0)
System memory in use before: 98.3 MB.
System memory in use after: 97.6 MB.

Unloading 34 unused Assets to reduce memory usage. Loaded Objects now: 2687.
Total: 2.808200 ms (FindLiveObjects: 0.199700 ms CreateObjectMapping: 0.086300 ms MarkObjects: 1.988900 ms  DeleteObjects: 0.532000 ms)

========================================================================
Received Prepare
Registering precompiled user dll's ...
Registered in 0.005036 seconds.
Begin MonoManager ReloadAssembly
Native extension for WindowsStandalone target not found
Native extension for WebGL target not found
Refreshing native plugins compatible for Editor in 0.40 ms, found 3 plugins.
Preloading 0 native plugins for Editor in 0.00 ms.
Mono: successfully reloaded assembly
- Completed reload, in  0.961 seconds
Platform modules already initialized, skipping
Refreshing native plugins compatible for Editor in 0.39 ms, found 3 plugins.
Preloading 0 native plugins for Editor in 0.00 ms.
Unloading 2091 Unused Serialized files (Serialized files now loaded: 0)
System memory in use before: 98.3 MB.
System memory in use after: 97.6 MB.

Unloading 34 unused Assets to reduce memory usage. Loaded Objects now: 2691.
Total: 2.596000 ms (FindLiveObjects: 0.181700 ms CreateObjectMapping: 0.074900 ms MarkObjects: 1.860300 ms  DeleteObjects: 0.478000 ms)

========================================================================
Received Prepare
Registering precompiled user dll's ...
Registered in 0.005031 seconds.
Begin MonoManager ReloadAssembly
Native extension for WindowsStandalone target not found
Native extension for WebGL target not found
Refreshing native plugins compatible for Editor in 0.41 ms, found 3 plugins.
Preloading 0 native plugins for Editor in 0.00 ms.
Mono: successfully reloaded assembly
- Completed reload, in  0.976 seconds
Platform modules already initialized, skipping
Refreshing native plugins compatible for Editor in 0.40 ms, found 3 plugins.
Preloading 0 native plugins for Editor in 0.00 ms.
Unloading 2091 Unused Serialized files (Serialized files now loaded: 0)
System memory in use before: 98.4 MB.
System memory in use after: 97.7 MB.

Unloading 34 unused Assets to reduce memory usage. Loaded Objects now: 2695.
Total: 2.546500 ms (FindLiveObjects: 0.220000 ms CreateObjectMapping: 0.087900 ms MarkObjects: 1.826600 ms  DeleteObjects: 0.410700 ms)

========================================================================
Received Prepare
Registering precompiled user dll's ...
Registered in 0.004693 seconds.
Begin MonoManager ReloadAssembly
Native extension for WindowsStandalone target not found
Native extension for WebGL target not found
Refreshing native plugins compatible for Editor in 0.41 ms, found 3 plugins.
Preloading 0 native plugins for Editor in 0.00 ms.
Mono: successfully reloaded assembly
- Completed reload, in  0.950 seconds
Platform modules already initialized, skipping
Refreshing native plugins compatible for Editor in 0.43 ms, found 3 plugins.
Preloading 0 native plugins for Editor in 0.00 ms.
Unloading 2091 Unused Serialized files (Serialized files now loaded: 0)
System memory in use before: 98.4 MB.
System memory in use after: 97.7 MB.

Unloading 34 unused Assets to reduce memory usage. Loaded Objects now: 2699.
Total: 2.622500 ms (FindLiveObjects: 0.213400 ms CreateObjectMapping: 0.086800 ms MarkObjects: 1.928600 ms  DeleteObjects: 0.392600 ms)

========================================================================
Received Prepare
Registering precompiled user dll's ...
Registered in 0.004283 seconds.
Begin MonoManager ReloadAssembly
Native extension for WindowsStandalone target not found
Native extension for WebGL target not found
Refreshing native plugins compatible for Editor in 0.41 ms, found 3 plugins.
Preloading 0 native plugins for Editor in 0.00 ms.
Mono: successfully reloaded assembly
- Completed reload, in  1.029 seconds
Platform modules already initialized, skipping
Refreshing native plugins compatible for Editor in 0.40 ms, found 3 plugins.
Preloading 0 native plugins for Editor in 0.00 ms.
Unloading 2091 Unused Serialized files (Serialized files now loaded: 0)
System memory in use before: 98.4 MB.
System memory in use after: 97.8 MB.

Unloading 34 unused Assets to reduce memory usage. Loaded Objects now: 2703.
Total: 4.550800 ms (FindLiveObjects: 0.283400 ms CreateObjectMapping: 0.155100 ms MarkObjects: 3.617300 ms  DeleteObjects: 0.493500 ms)

========================================================================
Received Prepare
Registering precompiled user dll's ...
Registered in 0.004855 seconds.
Begin MonoManager ReloadAssembly
Native extension for WindowsStandalone target not found
Native extension for WebGL target not found
Refreshing native plugins compatible for Editor in 0.43 ms, found 3 plugins.
Preloading 0 native plugins for Editor in 0.00 ms.
Mono: successfully reloaded assembly
- Completed reload, in  0.937 seconds
Platform modules already initialized, skipping
Refreshing native plugins compatible for Editor in 0.41 ms, found 3 plugins.
Preloading 0 native plugins for Editor in 0.00 ms.
Unloading 2091 Unused Serialized files (Serialized files now loaded: 0)
System memory in use before: 98.4 MB.
System memory in use after: 97.8 MB.

Unloading 34 unused Assets to reduce memory usage. Loaded Objects now: 2707.
Total: 2.734700 ms (FindLiveObjects: 0.194300 ms CreateObjectMapping: 0.081800 ms MarkObjects: 1.936000 ms  DeleteObjects: 0.521800 ms)

========================================================================
Received Prepare
Registering precompiled user dll's ...
Registered in 0.004581 seconds.
Begin MonoManager ReloadAssembly
Native extension for WindowsStandalone target not found
Native extension for WebGL target not found
Refreshing native plugins compatible for Editor in 0.46 ms, found 3 plugins.
Preloading 0 native plugins for Editor in 0.00 ms.
Mono: successfully reloaded assembly
- Completed reload, in  0.972 seconds
Platform modules already initialized, skipping
Refreshing native plugins compatible for Editor in 0.40 ms, found 3 plugins.
Preloading 0 native plugins for Editor in 0.00 ms.
Unloading 2091 Unused Serialized files (Serialized files now loaded: 0)
System memory in use before: 98.4 MB.
System memory in use after: 97.8 MB.

Unloading 34 unused Assets to reduce memory usage. Loaded Objects now: 2711.
Total: 2.690300 ms (FindLiveObjects: 0.327100 ms CreateObjectMapping: 0.115500 ms MarkObjects: 1.851100 ms  DeleteObjects: 0.395300 ms)

========================================================================
Received Prepare
Registering precompiled user dll's ...
Registered in 0.004171 seconds.
Begin MonoManager ReloadAssembly
Native extension for WindowsStandalone target not found
Native extension for WebGL target not found
Refreshing native plugins compatible for Editor in 0.52 ms, found 3 plugins.
Preloading 0 native plugins for Editor in 0.00 ms.
Mono: successfully reloaded assembly
- Completed reload, in  0.958 seconds
Platform modules already initialized, skipping
Refreshing native plugins compatible for Editor in 0.41 ms, found 3 plugins.
Preloading 0 native plugins for Editor in 0.00 ms.
Unloading 2091 Unused Serialized files (Serialized files now loaded: 0)
System memory in use before: 98.4 MB.
System memory in use after: 97.8 MB.

Unloading 34 unused Assets to reduce memory usage. Loaded Objects now: 2715.
Total: 2.801900 ms (FindLiveObjects: 0.220700 ms CreateObjectMapping: 0.102100 ms MarkObjects: 2.006000 ms  DeleteObjects: 0.471700 ms)

========================================================================
Received Prepare
Registering precompiled user dll's ...
Registered in 0.006257 seconds.
Begin MonoManager ReloadAssembly
Native extension for WindowsStandalone target not found
Native extension for WebGL target not found
Refreshing native plugins compatible for Editor in 0.44 ms, found 3 plugins.
Preloading 0 native plugins for Editor in 0.00 ms.
Mono: successfully reloaded assembly
- Completed reload, in  0.957 seconds
Platform modules already initialized, skipping
Refreshing native plugins compatible for Editor in 0.44 ms, found 3 plugins.
Preloading 0 native plugins for Editor in 0.00 ms.
Unloading 2091 Unused Serialized files (Serialized files now loaded: 0)
System memory in use before: 98.4 MB.
System memory in use after: 97.9 MB.

Unloading 34 unused Assets to reduce memory usage. Loaded Objects now: 2719.
Total: 2.573500 ms (FindLiveObjects: 0.215400 ms CreateObjectMapping: 0.104200 ms MarkObjects: 1.860500 ms  DeleteObjects: 0.392400 ms)

========================================================================
Received Prepare
Registering precompiled user dll's ...
Registered in 0.004940 seconds.
Begin MonoManager ReloadAssembly
Native extension for WindowsStandalone target not found
Native extension for WebGL target not found
Refreshing native plugins compatible for Editor in 0.44 ms, found 3 plugins.
Preloading 0 native plugins for Editor in 0.00 ms.
Mono: successfully reloaded assembly
- Completed reload, in  0.979 seconds
Platform modules already initialized, skipping
Refreshing native plugins compatible for Editor in 0.40 ms, found 3 plugins.
Preloading 0 native plugins for Editor in 0.00 ms.
Unloading 2091 Unused Serialized files (Serialized files now loaded: 0)
System memory in use before: 98.4 MB.
System memory in use after: 97.9 MB.

Unloading 34 unused Assets to reduce memory usage. Loaded Objects now: 2723.
Total: 2.532200 ms (FindLiveObjects: 0.217600 ms CreateObjectMapping: 0.095000 ms MarkObjects: 1.857700 ms  DeleteObjects: 0.360800 ms)

========================================================================
Received Prepare
Registering precompiled user dll's ...
Registered in 0.004325 seconds.
Begin MonoManager ReloadAssembly
Native extension for WindowsStandalone target not found
Native extension for WebGL target not found
Refreshing native plugins compatible for Editor in 0.40 ms, found 3 plugins.
Preloading 0 native plugins for Editor in 0.00 ms.
Mono: successfully reloaded assembly
- Completed reload, in  0.962 seconds
Platform modules already initialized, skipping
Refreshing native plugins compatible for Editor in 0.41 ms, found 3 plugins.
Preloading 0 native plugins for Editor in 0.00 ms.
Unloading 2091 Unused Serialized files (Serialized files now loaded: 0)
System memory in use before: 98.5 MB.
System memory in use after: 97.9 MB.

Unloading 34 unused Assets to reduce memory usage. Loaded Objects now: 2727.
Total: 2.492700 ms (FindLiveObjects: 0.217700 ms CreateObjectMapping: 0.091700 ms MarkObjects: 1.789900 ms  DeleteObjects: 0.392600 ms)

========================================================================
Received Prepare
Registering precompiled user dll's ...
Registered in 0.004566 seconds.
Begin MonoManager ReloadAssembly
Native extension for WindowsStandalone target not found
Native extension for WebGL target not found
Refreshing native plugins compatible for Editor in 0.41 ms, found 3 plugins.
Preloading 0 native plugins for Editor in 0.00 ms.
Mono: successfully reloaded assembly
- Completed reload, in  0.963 seconds
Platform modules already initialized, skipping
Refreshing native plugins compatible for Editor in 0.41 ms, found 3 plugins.
Preloading 0 native plugins for Editor in 0.00 ms.
Unloading 2091 Unused Serialized files (Serialized files now loaded: 0)
System memory in use before: 98.5 MB.
System memory in use after: 97.9 MB.

Unloading 34 unused Assets to reduce memory usage. Loaded Objects now: 2731.
Total: 2.664700 ms (FindLiveObjects: 0.209100 ms CreateObjectMapping: 0.088300 ms MarkObjects: 1.964100 ms  DeleteObjects: 0.401900 ms)

========================================================================
Received Prepare
Registering precompiled user dll's ...
Registered in 0.004332 seconds.
Begin MonoManager ReloadAssembly
Native extension for WindowsStandalone target not found
Native extension for WebGL target not found
Refreshing native plugins compatible for Editor in 0.52 ms, found 3 plugins.
Preloading 0 native plugins for Editor in 0.00 ms.
Mono: successfully reloaded assembly
- Completed reload, in  1.017 seconds
Platform modules already initialized, skipping
Refreshing native plugins compatible for Editor in 0.41 ms, found 3 plugins.
Preloading 0 native plugins for Editor in 0.00 ms.
Unloading 2091 Unused Serialized files (Serialized files now loaded: 0)
System memory in use before: 98.5 MB.
System memory in use after: 97.9 MB.

Unloading 34 unused Assets to reduce memory usage. Loaded Objects now: 2735.
Total: 3.169900 ms (FindLiveObjects: 0.234400 ms CreateObjectMapping: 0.104700 ms MarkObjects: 2.444400 ms  DeleteObjects: 0.385300 ms)

========================================================================
Received Prepare
Registering precompiled user dll's ...
Registered in 0.004028 seconds.
Begin MonoManager ReloadAssembly
Native extension for WindowsStandalone target not found
Native extension for WebGL target not found
Refreshing native plugins compatible for Editor in 0.64 ms, found 3 plugins.
Preloading 0 native plugins for Editor in 0.00 ms.
Mono: successfully reloaded assembly
- Completed reload, in  0.948 seconds
Platform modules already initialized, skipping
Refreshing native plugins compatible for Editor in 0.40 ms, found 3 plugins.
Preloading 0 native plugins for Editor in 0.00 ms.
Unloading 2091 Unused Serialized files (Serialized files now loaded: 0)
System memory in use before: 98.5 MB.
System memory in use after: 97.9 MB.

Unloading 34 unused Assets to reduce memory usage. Loaded Objects now: 2739.
Total: 2.655000 ms (FindLiveObjects: 0.228400 ms CreateObjectMapping: 0.098500 ms MarkObjects: 1.824000 ms  DeleteObjects: 0.503200 ms)

========================================================================
Received Prepare
Registering precompiled user dll's ...
Registered in 0.004193 seconds.
Begin MonoManager ReloadAssembly
Native extension for WindowsStandalone target not found
Native extension for WebGL target not found
Refreshing native plugins compatible for Editor in 0.45 ms, found 3 plugins.
Preloading 0 native plugins for Editor in 0.00 ms.
Mono: successfully reloaded assembly
- Completed reload, in  0.952 seconds
Platform modules already initialized, skipping
Refreshing native plugins compatible for Editor in 0.40 ms, found 3 plugins.
Preloading 0 native plugins for Editor in 0.00 ms.
Unloading 2091 Unused Serialized files (Serialized files now loaded: 0)
System memory in use before: 98.5 MB.
System memory in use after: 97.9 MB.

Unloading 34 unused Assets to reduce memory usage. Loaded Objects now: 2743.
Total: 2.600800 ms (FindLiveObjects: 0.232500 ms CreateObjectMapping: 0.105500 ms MarkObjects: 1.891500 ms  DeleteObjects: 0.370200 ms)

========================================================================
Received Prepare
Registering precompiled user dll's ...
Registered in 0.004119 seconds.
Begin MonoManager ReloadAssembly
Native extension for WindowsStandalone target not found
Native extension for WebGL target not found
Refreshing native plugins compatible for Editor in 0.40 ms, found 3 plugins.
Preloading 0 native plugins for Editor in 0.00 ms.
Mono: successfully reloaded assembly
- Completed reload, in  0.957 seconds
Platform modules already initialized, skipping
Refreshing native plugins compatible for Editor in 0.41 ms, found 3 plugins.
Preloading 0 native plugins for Editor in 0.00 ms.
Unloading 2091 Unused Serialized files (Serialized files now loaded: 0)
System memory in use before: 98.5 MB.
System memory in use after: 97.9 MB.

Unloading 34 unused Assets to reduce memory usage. Loaded Objects now: 2747.
Total: 2.801000 ms (FindLiveObjects: 0.224000 ms CreateObjectMapping: 0.093300 ms MarkObjects: 2.003700 ms  DeleteObjects: 0.479000 ms)

========================================================================
Received Prepare
Registering precompiled user dll's ...
Registered in 0.006007 seconds.
Begin MonoManager ReloadAssembly
Native extension for WindowsStandalone target not found
Native extension for WebGL target not found
Refreshing native plugins compatible for Editor in 0.55 ms, found 3 plugins.
Preloading 0 native plugins for Editor in 0.00 ms.
Mono: successfully reloaded assembly
- Completed reload, in  1.199 seconds
Platform modules already initialized, skipping
Refreshing native plugins compatible for Editor in 0.53 ms, found 3 plugins.
Preloading 0 native plugins for Editor in 0.00 ms.
Unloading 2091 Unused Serialized files (Serialized files now loaded: 0)
System memory in use before: 98.5 MB.
System memory in use after: 97.9 MB.

Unloading 34 unused Assets to reduce memory usage. Loaded Objects now: 2751.
Total: 3.110500 ms (FindLiveObjects: 0.238500 ms CreateObjectMapping: 0.109600 ms MarkObjects: 2.268000 ms  DeleteObjects: 0.492400 ms)

========================================================================
Received Prepare
Registering precompiled user dll's ...
Registered in 0.006199 seconds.
Begin MonoManager ReloadAssembly
Native extension for WindowsStandalone target not found
Native extension for WebGL target not found
Refreshing native plugins compatible for Editor in 0.41 ms, found 3 plugins.
Preloading 0 native plugins for Editor in 0.00 ms.
Mono: successfully reloaded assembly
- Completed reload, in  0.943 seconds
Platform modules already initialized, skipping
Refreshing native plugins compatible for Editor in 0.40 ms, found 3 plugins.
Preloading 0 native plugins for Editor in 0.00 ms.
Unloading 2091 Unused Serialized files (Serialized files now loaded: 0)
System memory in use before: 98.5 MB.
System memory in use after: 97.9 MB.

Unloading 34 unused Assets to reduce memory usage. Loaded Objects now: 2755.
Total: 2.616600 ms (FindLiveObjects: 0.214600 ms CreateObjectMapping: 0.142200 ms MarkObjects: 1.872900 ms  DeleteObjects: 0.386100 ms)

========================================================================
Received Prepare
Registering precompiled user dll's ...
Registered in 0.004731 seconds.
Begin MonoManager ReloadAssembly
Native extension for WindowsStandalone target not found
Native extension for WebGL target not found
Refreshing native plugins compatible for Editor in 0.45 ms, found 3 plugins.
Preloading 0 native plugins for Editor in 0.00 ms.
Mono: successfully reloaded assembly
- Completed reload, in  0.950 seconds
Platform modules already initialized, skipping
Refreshing native plugins compatible for Editor in 0.40 ms, found 3 plugins.
Preloading 0 native plugins for Editor in 0.00 ms.
Unloading 2091 Unused Serialized files (Serialized files now loaded: 0)
System memory in use before: 98.5 MB.
System memory in use after: 97.9 MB.

Unloading 34 unused Assets to reduce memory usage. Loaded Objects now: 2759.
Total: 2.481300 ms (FindLiveObjects: 0.220400 ms CreateObjectMapping: 0.097200 ms MarkObjects: 1.772400 ms  DeleteObjects: 0.390200 ms)

========================================================================
Received Prepare
Registering precompiled user dll's ...
Registered in 0.004072 seconds.
Begin MonoManager ReloadAssembly
Native extension for WindowsStandalone target not found
Native extension for WebGL target not found
Refreshing native plugins compatible for Editor in 0.42 ms, found 3 plugins.
Preloading 0 native plugins for Editor in 0.00 ms.
Mono: successfully reloaded assembly
- Completed reload, in  0.922 seconds
Platform modules already initialized, skipping
Refreshing native plugins compatible for Editor in 0.40 ms, found 3 plugins.
Preloading 0 native plugins for Editor in 0.00 ms.
Unloading 2091 Unused Serialized files (Serialized files now loaded: 0)
System memory in use before: 98.5 MB.
System memory in use after: 97.9 MB.

Unloading 34 unused Assets to reduce memory usage. Loaded Objects now: 2763.
Total: 2.490900 ms (FindLiveObjects: 0.231100 ms CreateObjectMapping: 0.090800 ms MarkObjects: 1.773900 ms  DeleteObjects: 0.394000 ms)

========================================================================
Received Prepare
Registering precompiled user dll's ...
Registered in 0.004025 seconds.
Begin MonoManager ReloadAssembly
Native extension for WindowsStandalone target not found
Native extension for WebGL target not found
Refreshing native plugins compatible for Editor in 0.44 ms, found 3 plugins.
Preloading 0 native plugins for Editor in 0.00 ms.
Mono: successfully reloaded assembly
- Completed reload, in  0.975 seconds
Platform modules already initialized, skipping
Refreshing native plugins compatible for Editor in 0.44 ms, found 3 plugins.
Preloading 0 native plugins for Editor in 0.00 ms.
Unloading 2091 Unused Serialized files (Serialized files now loaded: 0)
System memory in use before: 98.5 MB.
System memory in use after: 98.0 MB.

Unloading 34 unused Assets to reduce memory usage. Loaded Objects now: 2767.
Total: 2.619800 ms (FindLiveObjects: 0.221100 ms CreateObjectMapping: 0.098200 ms MarkObjects: 1.903100 ms  DeleteObjects: 0.396400 ms)

========================================================================
Received Prepare
Refreshing native plugins compatible for Editor in 3.58 ms, found 3 plugins.
Preloading 0 native plugins for Editor in 0.00 ms.
Unloading 32 Unused Serialized files (Serialized files now loaded: 0)
System memory in use before: 57.9 MB.
System memory in use after: 57.3 MB.

Unloading 32 unused Assets to reduce memory usage. Loaded Objects now: 2767.
Total: 2.802300 ms (FindLiveObjects: 0.223900 ms CreateObjectMapping: 0.103100 ms MarkObjects: 2.099200 ms  DeleteObjects: 0.375000 ms)

AssetImportWorkerClient::OnTransportError - code=2 error=End of file
